#
# There is insufficient memory for the Java Runtime Environment to continue.
# Native memory allocation (mmap) failed to map 130023424 bytes for G1 virtual space
# Possible reasons:
#   The system is out of physical RAM or swap space
#   The process is running with CompressedOops enabled, and the Java Heap may be blocking the growth of the native heap
# Possible solutions:
#   Reduce memory load on the system
#   Increase physical memory or swap space
#   Check if swap backing store is full
#   Decrease Java heap size (-Xmx/-Xms)
#   Decrease number of Java threads
#   Decrease Java thread stack sizes (-Xss)
#   Set larger code cache with -XX:ReservedCodeCacheSize=
#   JVM is running with Unscaled Compressed Oops mode in which the Java heap is
#     placed in the first 4GB address space. The Java Heap base address is the
#     maximum limit for the native heap growth. Please use -XX:HeapBaseMinAddress
#     to set the Java Heap base and to place the Java Heap above 4GB virtual address.
# This output file may be truncated or incomplete.
#
#  Out of Memory Error (os_windows.cpp:3550), pid=17628, tid=16796
#
# JRE version:  (17.0.6+9) (build )
# Java VM: Java HotSpot(TM) 64-Bit Server VM (17.0.6+9-LTS-190, mixed mode, sharing, tiered, compressed oops, compressed class ptrs, g1 gc, windows-amd64)
# No core dump will be written. Minidumps are not enabled by default on client versions of Windows
#

---------------  S U M M A R Y ------------

Command Line: -Dfile.encoding=UTF-8 -XX:+ShowCodeDetailsInExceptionMessages Inheritance.App

Host: Intel(R) Core(TM) i5-6200U CPU @ 2.30GHz, 4 cores, 7G,  Windows 10 , 64 bit Build 19041 (10.0.19041.2546)
Time: Sat Mar 25 19:36:54 2023 Myanmar Standard Time elapsed time: 0.100002 seconds (0d 0h 0m 0s)

---------------  T H R E A D  ---------------

Current thread (0x000001c811b6dde0):  JavaThread "Unknown thread" [_thread_in_vm, id=16796, stack(0x000000042b400000,0x000000042b500000)]

Stack: [0x000000042b400000,0x000000042b500000]
Native frames: (J=compiled Java code, j=interpreted, Vv=VM code, C=native code)
V  [jvm.dll+0x6734ea]
V  [jvm.dll+0x7d18f4]
V  [jvm.dll+0x7d309e]
V  [jvm.dll+0x7d3703]
V  [jvm.dll+0x2433c5]
V  [jvm.dll+0x6703f9]
V  [jvm.dll+0x664d32]
V  [jvm.dll+0x300086]
V  [jvm.dll+0x307606]
V  [jvm.dll+0x356c1e]
V  [jvm.dll+0x356e4f]
V  [jvm.dll+0x2d72e8]
V  [jvm.dll+0x2d8254]
V  [jvm.dll+0x7a33b1]
V  [jvm.dll+0x3647f1]
V  [jvm.dll+0x782839]
V  [jvm.dll+0x3e757f]
V  [jvm.dll+0x3e9001]
C  [jli.dll+0x5297]
C  [ucrtbase.dll+0x21bb2]
C  [KERNEL32.DLL+0x17614]
C  [ntdll.dll+0x526a1]


---------------  P R O C E S S  ---------------

Threads class SMR info:
_java_thread_list=0x00007ffa646de958, length=0, elements={
}

Java Threads: ( => current thread )

Other Threads:
  0x000001c813d25690 GCTaskThread "GC Thread#0" [stack: 0x000000042b500000,0x000000042b600000] [id=4820]
  0x000001c813d37350 ConcurrentGCThread "G1 Main Marker" [stack: 0x000000042b600000,0x000000042b700000] [id=1260]
  0x000001c813d37c70 ConcurrentGCThread "G1 Conc#0" [stack: 0x000000042b700000,0x000000042b800000] [id=14720]

[error occurred during error reporting (printing all threads), id 0xc0000005, EXCEPTION_ACCESS_VIOLATION (0xc0000005) at pc=0x00007ffa63f17f07]

VM state: not at safepoint (not fully initialized)

VM Mutex/Monitor currently owned by a thread:  ([mutex/lock_event])
[0x000001c811b6d1a0] Heap_lock - owner thread: 0x000001c811b6dde0

Heap address: 0x0000000084a00000, size: 1974 MB, Compressed Oops mode: 32-bit

CDS archive(s) mapped at: [0x0000000000000000-0x0000000000000000-0x0000000000000000), size 0, SharedBaseAddress: 0x0000000800000000, ArchiveRelocationMode: 0.
Narrow klass base: 0x0000000000000000, Narrow klass shift: 0, Narrow klass range: 0x0

GC Precious Log:
<Empty>

Heap:
 garbage-first heap   total 0K, used 0K [0x0000000084a00000, 0x0000000100000000)
  region size 1024K, 0 young (0K), 0 survivors (0K)

[error occurred during error reporting (printing heap information), id 0xc0000005, EXCEPTION_ACCESS_VIOLATION (0xc0000005) at pc=0x00007ffa642fc759]

GC Heap History (0 events):
No events

Deoptimization events (0 events):
No events

Classes unloaded (0 events):
No events

Classes redefined (0 events):
No events

Internal exceptions (0 events):
No events

VM Operations (0 events):
No events

Events (1 events):
Event: 0.011 Loaded shared library C:\Program Files\Java\jdk-17\bin\java.dll


Dynamic libraries:
0x00007ff7bd5b0000 - 0x00007ff7bd5c0000 	C:\Program Files\Java\jdk-17\bin\javaw.exe
0x00007ffabf630000 - 0x00007ffabf828000 	C:\WINDOWS\SYSTEM32\ntdll.dll
0x00007ffabdc20000 - 0x00007ffabdcdf000 	C:\WINDOWS\System32\KERNEL32.DLL
0x00007ffabd130000 - 0x00007ffabd402000 	C:\WINDOWS\System32\KERNELBASE.dll
0x00007ffabd030000 - 0x00007ffabd130000 	C:\WINDOWS\System32\ucrtbase.dll
0x00007ffab34b0000 - 0x00007ffab34c8000 	C:\Program Files\Java\jdk-17\bin\jli.dll
0x00007ffabf380000 - 0x00007ffabf42e000 	C:\WINDOWS\System32\ADVAPI32.dll
0x00007ffabf2e0000 - 0x00007ffabf37e000 	C:\WINDOWS\System32\msvcrt.dll
0x00007ffabdce0000 - 0x00007ffabdd7c000 	C:\WINDOWS\System32\sechost.dll
0x00007ffabea70000 - 0x00007ffabeb94000 	C:\WINDOWS\System32\RPCRT4.dll
0x00007ffabe050000 - 0x00007ffabe1f1000 	C:\WINDOWS\System32\USER32.dll
0x00007ffabcfd0000 - 0x00007ffabcff2000 	C:\WINDOWS\System32\win32u.dll
0x00007ffabde10000 - 0x00007ffabde3b000 	C:\WINDOWS\System32\GDI32.dll
0x00007ffabce10000 - 0x00007ffabcf1f000 	C:\WINDOWS\System32\gdi32full.dll
0x00007ffabd5e0000 - 0x00007ffabd67d000 	C:\WINDOWS\System32\msvcp_win.dll
0x00007ffab2960000 - 0x00007ffab297b000 	C:\Program Files\Java\jdk-17\bin\VCRUNTIME140.dll
0x00007ffabc220000 - 0x00007ffabc4ba000 	C:\WINDOWS\WinSxS\amd64_microsoft.windows.common-controls_6595b64144ccf1df_6.0.19041.1110_none_60b5254171f9507e\COMCTL32.dll
0x00007ffab74f0000 - 0x00007ffab74fa000 	C:\WINDOWS\SYSTEM32\VERSION.dll
0x00007ffabdde0000 - 0x00007ffabde10000 	C:\WINDOWS\System32\IMM32.DLL
0x00007ffab3580000 - 0x00007ffab358c000 	C:\Program Files\Java\jdk-17\bin\vcruntime140_1.dll
0x00007ffaad450000 - 0x00007ffaad4de000 	C:\Program Files\Java\jdk-17\bin\msvcp140.dll
0x00007ffa63c30000 - 0x00007ffa64807000 	C:\Program Files\Java\jdk-17\bin\server\jvm.dll
0x00007ffabdf10000 - 0x00007ffabdf18000 	C:\WINDOWS\System32\PSAPI.DLL
0x00007ffab3440000 - 0x00007ffab3449000 	C:\WINDOWS\SYSTEM32\WSOCK32.dll
0x00007ffabdfe0000 - 0x00007ffabe04b000 	C:\WINDOWS\System32\WS2_32.dll
0x00007ffab6430000 - 0x00007ffab6457000 	C:\WINDOWS\SYSTEM32\WINMM.dll
0x00007ffaba580000 - 0x00007ffaba592000 	C:\WINDOWS\SYSTEM32\kernel.appcore.dll
0x00007ffab2900000 - 0x00007ffab290a000 	C:\Program Files\Java\jdk-17\bin\jimage.dll
0x00007ffabc840000 - 0x00007ffabca24000 	C:\WINDOWS\SYSTEM32\DBGHELP.DLL
0x00007ffabc4e0000 - 0x00007ffabc515000 	C:\WINDOWS\SYSTEM32\dbgcore.DLL
0x00007ffabcd80000 - 0x00007ffabce02000 	C:\WINDOWS\System32\bcryptPrimitives.dll
0x00007ffab2840000 - 0x00007ffab2865000 	C:\Program Files\Java\jdk-17\bin\java.dll

dbghelp: loaded successfully - version: 4.0.5 - missing functions: none
symbol engine: initialized successfully - sym options: 0x614 - pdb path: .;C:\Program Files\Java\jdk-17\bin;C:\WINDOWS\SYSTEM32;C:\WINDOWS\WinSxS\amd64_microsoft.windows.common-controls_6595b64144ccf1df_6.0.19041.1110_none_60b5254171f9507e;C:\Program Files\Java\jdk-17\bin\server

VM Arguments:
jvm_args: -Dfile.encoding=UTF-8 -XX:+ShowCodeDetailsInExceptionMessages 
java_command: Inheritance.App
java_class_path (initial): D:\EclipseWorkspace_BIB_OJT07\SampleProject\build\classes
Launcher Type: SUN_STANDARD

[Global flags]
     intx CICompilerCount                          = 3                                         {product} {ergonomic}
     uint ConcGCThreads                            = 1                                         {product} {ergonomic}
     uint G1ConcRefinementThreads                  = 4                                         {product} {ergonomic}
   size_t G1HeapRegionSize                         = 1048576                                   {product} {ergonomic}
    uintx GCDrainStackTargetSize                   = 64                                        {product} {ergonomic}
   size_t InitialHeapSize                          = 130023424                                 {product} {ergonomic}
   size_t MarkStackSize                            = 4194304                                   {product} {ergonomic}
   size_t MaxHeapSize                              = 2069889024                                {product} {ergonomic}
   size_t MinHeapDeltaBytes                        = 1048576                                   {product} {ergonomic}
   size_t MinHeapSize                              = 8388608                                   {product} {ergonomic}
    uintx NonNMethodCodeHeapSize                   = 5832780                                {pd product} {ergonomic}
    uintx NonProfiledCodeHeapSize                  = 122912730                              {pd product} {ergonomic}
    uintx ProfiledCodeHeapSize                     = 122912730                              {pd product} {ergonomic}
    uintx ReservedCodeCacheSize                    = 251658240                              {pd product} {ergonomic}
     bool SegmentedCodeCache                       = true                                      {product} {ergonomic}
     bool ShowCodeDetailsInExceptionMessages       = true                                   {manageable} {command line}
   size_t SoftMaxHeapSize                          = 2069889024                             {manageable} {ergonomic}
     bool UseCompressedClassPointers               = true                           {product lp64_product} {ergonomic}
     bool UseCompressedOops                        = true                           {product lp64_product} {ergonomic}
     bool UseG1GC                                  = true                                      {product} {ergonomic}
     bool UseLargePagesIndividualAllocation        = false                                  {pd product} {ergonomic}

Logging:
Log output configuration:
 #0: stdout all=warning uptime,level,tags
 #1: stderr all=off uptime,level,tags

Environment Variables:
JAVA_HOME=C:\Program Files\Java\jdk-17
PATH=C:\Program Files\Common Files\Oracle\Java\javapath;C:\Program Files (x86)\Intel\iCLS Client\;C:\Program Files\Intel\iCLS Client\;C:\WINDOWS\system32;C:\WINDOWS;C:\WINDOWS\System32\Wbem;C:\WINDOWS\System32\WindowsPowerShell\v1.0\;C:\Program Files (x86)\Intel\Intel(R) Management Engine Components\DAL;C:\Program Files\Intel\Intel(R) Management Engine Components\DAL;C:\Program Files (x86)\Intel\Intel(R) Management Engine Components\IPT;C:\Program Files\Intel\Intel(R) Management Engine Components\IPT;C:\Program Files (x86)\AMD\ATI.ACE\Core-Static;C:\Program Files\Java\jdk1.8.0_131\bin;C:\Program Files\Git\cmd;C:\WINDOWS\System32\OpenSSH\;C:\Program Files\Common Files\Oracle\Java\javapath;C:\Program Files (x86)\Intel\iCLS Client\;C:\Program Files\Intel\iCLS Client\;C:\WINDOWS\system32;C:\WINDOWS;C:\WINDOWS\System32\Wbem;C:\WINDOWS\System32\WindowsPowerShell\v1.0\;C:\Program Files (x86)\Intel\Intel(R) Management Engine Components\DAL;C:\Program Files\Intel\Intel(R) Management Engine Components\DAL;C:\Program Files (x86)\Intel\Intel(R) Management Engine Components\IPT;C:\Program Files\Intel\Intel(R) Management Engine Components\IPT;C:\Program Files (x86)\AMD\ATI.ACE\Core-Static;C:\Program Files\Java\jdk1.8.0_131\bin;C:\Program Files\Git\cmd;C:\WINDOWS\System32\OpenSSH\;C:\Program Files\MySQL\MySQL Shell 8.0\bin\;C:\Program Files\Common Files\Oracle\Java\javapath;C:\Program Files (x86)\Intel\iCLS Client\;C:\Program Files\Intel\iCLS Client\;C:\WINDOWS\system32;C:\WINDOWS;C:\WINDOWS\System32\Wbem;C:\WINDOWS\System32\WindowsPowerShell\v1.0\;C:\Program Files (x86)\Intel\Intel(R) Management Engine Components\DAL;C:\Program Files\Intel\Intel(R) Managem
USERNAME=Dell
OS=Windows_NT
PROCESSOR_IDENTIFIER=Intel64 Family 6 Model 78 Stepping 3, GenuineIntel



---------------  S Y S T E M  ---------------

OS:
 Windows 10 , 64 bit Build 19041 (10.0.19041.2546)
OS uptime: 3 days 6:29 hours

CPU: total 4 (initial active 4) (2 cores per cpu, 2 threads per core) family 6 model 78 stepping 3 microcode 0xcc, cx8, cmov, fxsr, ht, mmx, 3dnowpref, sse, sse2, sse3, ssse3, sse4.1, sse4.2, popcnt, lzcnt, tsc, tscinvbit, avx, avx2, aes, erms, clmul, bmi1, bmi2, adx, fma, vzeroupper, clflush, clflushopt

Memory: 4k page, system-wide physical 7891M (1710M free)
TotalPageFile size 9939M (AvailPageFile size 3M)
current process WorkingSet (physical memory assigned to process): 10M, peak: 10M
current process commit charge ("private bytes"): 51M, peak: 175M

vm_info: Java HotSpot(TM) 64-Bit Server VM (17.0.6+9-LTS-190) for windows-amd64 JRE (17.0.6+9-LTS-190), built on Dec  6 2022 15:53:54 by "mach5one" with MS VC++ 17.1 (VS2022)

END.
